Database connection error: MongooseServerSelectionError: connect ECONNREFUSED ::1:27017, connect ECONNREFUSED 127.0.0.1:27017
    at _handleConnectionErrors (C:\Users\vinht\PTUDW\node_modules\mongoose\lib\connection.js:816:11)
    at NativeConnection.openUri (C:\Users\vinht\PTUDW\node_modules\mongoose\lib\connection.js:791:11)
    at async connectDB (C:\Users\vinht\PTUDW\server.js:92:22)
    at async startServer (C:\Users\vinht\PTUDW\server.js:105:5) {
  reason: TopologyDescription {
    type: 'Unknown',
    servers: Map(1) { 'localhost:27017' => [ServerDescription] },
    stale: false,
    compatible: true,
    heartbeatFrequencyMS: 10000,
    localThresholdMS: 15,
    setName: null,
    maxElectionId: null,
    maxSetVersion: null,
    commonWireVersion: 0,
    logicalSessionTimeoutMinutes: null
  },
  code: undefined
}
